18:19:40.107 [main] INFO  testCases.LoginTest - Starting login test ..........
18:19:41.686 [main] INFO  testCases.LoginTest - Entered username......
18:19:41.800 [main] INFO  testCases.LoginTest - Entered password........
18:19:41.902 [main] INFO  testCases.LoginTest - Login Successful
18:19:52.064 [main] INFO  testCases.LoginTest - Login successful
19:00:18.099 [main] INFO  testCases.LoginTest - Starting login test ..........
19:00:19.089 [main] INFO  testCases.LoginTest - Entered username......
19:00:19.214 [main] INFO  testCases.LoginTest - Entered password........
19:00:22.663 [main] INFO  testCases.LoginTest - Login successful
19:38:34.249 [TestNG-tests-1] INFO  testCases.LoginTest - Starting login test ..........
19:38:35.037 [TestNG-tests-1] INFO  testCases.LoginTest - Entered username......
19:38:35.142 [TestNG-tests-1] INFO  testCases.LoginTest - Entered password........
19:38:38.543 [TestNG-tests-1] INFO  testCases.LoginTest - Login successful
19:38:49.431 [TestNG-tests-1] INFO  testCases.LoginTest - Starting login test ..........
19:38:50.373 [TestNG-tests-1] INFO  testCases.LoginTest - Entered username......
19:38:50.412 [TestNG-tests-1] INFO  testCases.LoginTest - Entered password........
19:38:55.057 [TestNG-tests-1] INFO  testCases.LoginTest - Login successful
19:39:15.482 [TestNG-tests-1] INFO  testCases.LoginTest - Starting login test ..........
19:39:17.721 [TestNG-tests-1] INFO  testCases.LoginTest - Entered username......
19:39:17.839 [TestNG-tests-1] INFO  testCases.LoginTest - Entered password........
19:39:19.474 [TestNG-tests-2] INFO  testCases.LoginTest - Starting login test ..........
19:39:22.314 [TestNG-tests-2] INFO  testCases.LoginTest - Entered username......
19:39:22.343 [TestNG-tests-2] INFO  testCases.LoginTest - Entered password........
19:39:27.535 [TestNG-tests-1] INFO  testCases.LoginTest - Login successful
19:39:32.026 [TestNG-tests-2] INFO  testCases.LoginTest - Login successful
19:57:01.627 [main] INFO  testCases.LoginTest - Starting login test ..........
19:59:06.773 [main] INFO  testCases.LoginTest - Starting login test ..........
19:59:41.688 [main] INFO  testCases.LoginTest - Starting login test ..........
19:59:43.704 [main] INFO  testCases.LoginTest - Entered username......
19:59:43.870 [main] INFO  testCases.LoginTest - Entered password........
19:59:48.927 [main] INFO  testCases.LoginTest - Login successful
19:29:41.846 [main] INFO  testCases.LoginTestDDT - Starting login test ..........
19:29:41.953 [main] INFO  testCases.LoginTestDDT - Entered username......
19:29:42.040 [main] INFO  testCases.LoginTestDDT - Entered password........
19:29:54.112 [main] INFO  testCases.LoginTestDDT - Starting login test ..........
19:29:54.182 [main] INFO  testCases.LoginTestDDT - Entered username......
19:29:54.265 [main] INFO  testCases.LoginTestDDT - Entered password........
19:30:06.051 [main] INFO  testCases.LoginTestDDT - Starting login test ..........
19:30:06.113 [main] INFO  testCases.LoginTestDDT - Entered username......
19:30:06.187 [main] INFO  testCases.LoginTestDDT - Entered password........
19:30:08.787 [main] INFO  testCases.LoginTestDDT - Login successful
20:07:58.055 [main] INFO  testCases.LoginTest - Starting login test ..........
20:07:58.898 [main] INFO  testCases.LoginTest - Entered username......
20:07:59.007 [main] INFO  testCases.LoginTest - Entered password........
20:08:02.396 [main] INFO  testCases.LoginTest - Login successful
18:13:48.582 [main] INFO  testCases.LoginTest - Starting login test ..........
18:13:49.320 [main] INFO  testCases.LoginTest - Entered username......
18:13:49.432 [main] INFO  testCases.LoginTest - Entered password........
18:13:52.064 [main] INFO  testCases.LoginTest - Login successful
18:19:40.426 [main] INFO  testCases.LoginTest - Starting login test ..........
18:19:41.183 [main] INFO  testCases.LoginTest - Entered username......
18:19:41.289 [main] INFO  testCases.LoginTest - Entered password........
18:19:44.020 [main] INFO  testCases.LoginTest - Login successful
18:22:48.674 [main] INFO  testCases.LoginTest - Starting login test ..........
18:22:49.449 [main] INFO  testCases.LoginTest - Entered username......
18:22:49.558 [main] INFO  testCases.LoginTest - Entered password........
18:22:52.215 [main] INFO  testCases.LoginTest - Login successful
19:11:19.748 [main] INFO  testCases.LoginTest - Starting login test ..........
19:11:20.162 [main] INFO  testCases.LoginTest - Entered username......
19:11:20.581 [main] INFO  testCases.LoginTest - Entered password........
19:11:23.385 [main] INFO  testCases.LoginTest - Login successful
19:15:34.145 [main] INFO  testCases.LoginTest - Starting login test ..........
19:15:34.942 [main] INFO  testCases.LoginTest - Entered username......
19:15:35.043 [main] INFO  testCases.LoginTest - Entered password........
19:15:37.832 [main] INFO  testCases.LoginTest - Login successful
21:22:30.752 [main] INFO  testCases.LoginTest - Starting login test ..........
21:22:31.576 [main] INFO  testCases.LoginTest - Entered username......
21:22:31.662 [main] INFO  testCases.LoginTest - Entered password........
21:22:34.436 [main] INFO  testCases.LoginTest - Login successful
21:23:39.623 [main] INFO  testCases.LoginTest - Starting login test ..........
21:23:40.600 [main] INFO  testCases.LoginTest - Entered username......
21:23:40.705 [main] INFO  testCases.LoginTest - Entered password........
21:23:44.953 [main] INFO  testCases.LoginTest - Login successful
21:25:18.939 [main] INFO  testCases.LoginTest - Starting login test ..........
21:38:39.512 [main] INFO  testCases.LoginTest - Starting login test ..........
21:43:10.119 [main] INFO  testCases.LoginTest - Starting login test ..........
21:48:10.164 [main] INFO  testCases.LoginTest - Starting login test ..........
21:48:10.901 [main] INFO  testCases.LoginTest - Entered username......
21:48:11.018 [main] INFO  testCases.LoginTest - Entered password........
21:50:12.819 [main] INFO  testCases.LoginTest - Starting login test ..........
21:50:13.560 [main] INFO  testCases.LoginTest - Entered username......
21:50:13.680 [main] INFO  testCases.LoginTest - Entered password........
21:50:56.042 [main] INFO  testCases.LoginTest - Starting login test ..........
21:50:56.843 [main] INFO  testCases.LoginTest - Entered username......
21:50:56.962 [main] INFO  testCases.LoginTest - Entered password........
21:51:00.758 [main] INFO  testCases.LoginTest - Login successful
21:54:13.746 [main] INFO  testCases.LoginTest - Starting login test ..........
21:54:14.468 [main] INFO  testCases.LoginTest - Entered username......
21:54:14.586 [main] INFO  testCases.LoginTest - Entered password........
21:54:17.472 [main] INFO  testCases.LoginTest - Login successful
21:16:54.004 [main] INFO  testCases.LoginTest - Starting login test ..........
21:16:56.561 [main] INFO  testCases.LoginTest - Entered username......
21:16:56.672 [main] INFO  testCases.LoginTest - Entered password........
21:17:05.214 [main] INFO  testCases.LoginTest - Login successful
21:17:44.787 [main] INFO  testCases.LoginTest - Starting login test ..........
21:17:47.416 [main] INFO  testCases.LoginTest - Entered username......
21:17:47.523 [main] INFO  testCases.LoginTest - Entered password........
21:17:55.782 [main] INFO  testCases.LoginTest - Login successful
21:55:40.847 [main] INFO  testCases.LoginTest - Starting login test ..........
21:55:44.035 [main] INFO  testCases.LoginTest - Entered username......
21:55:44.150 [main] INFO  testCases.LoginTest - Entered password........
21:57:07.766 [main] INFO  testCases.LoginTest - Starting login test ..........
21:57:08.847 [main] INFO  testCases.LoginTest - Entered username......
21:57:08.954 [main] INFO  testCases.LoginTest - Entered password........
21:57:14.593 [main] INFO  testCases.LoginTest - Login successful
22:15:29.499 [main] INFO  testCases.LoginTest - Starting login test ..........
22:15:30.353 [main] INFO  testCases.LoginTest - Entered username......
22:15:30.460 [main] INFO  testCases.LoginTest - Entered password........
22:15:33.222 [main] INFO  testCases.LoginTest - Login successful
